CidReaderPDF/mupdf-lib/build/intermediates/manifest_merge_blame_file/debug/manifest-merger-blame-debug-report.txt
1<?xml version="1.0" encoding="utf-8"?>
2<manifest xmlns:android="http://schemas.android.com/apk/res/android"
3    package="com.artifex.mupdf.mini" >
4
5    <uses-sdk
6        android:minSdkVersion="23"
6-->src\main\AndroidManifest.xml
7        android:targetSdkVersion="26" />
7-->src\main\AndroidManifest.xml
8
9    <uses-permission android:name="android.permission.READ_EXTERNAL_STORAGE" />
9-->src\main\AndroidManifest.xml:5:5-80
9-->src\main\AndroidManifest.xml:5:22-77
10    <uses-permission android:name="android.permission.WRITE_EXTERNAL_STORAGE" />
10-->src\main\AndroidManifest.xml:6:5-80
10-->src\main\AndroidManifest.xml:6:22-78
11    <uses-permission android:name="android.permission.INTERNET" />
11-->src\main\AndroidManifest.xml:8:5-67
11-->src\main\AndroidManifest.xml:8:22-64
12
13    <application>
13-->src\main\AndroidManifest.xml:10:5-46:19
14        <activity
14-->src\main\AndroidManifest.xml:11:9-42:20
15            android:name="com.artifex.mupdf.mini.DocumentActivity"
15-->src\main\AndroidManifest.xml:12:13-45
16            android:configChanges="orientation|screenSize|keyboardHidden"
16-->src\main\AndroidManifest.xml:14:13-74
17            android:label="MuPDF mini"
17-->src\main\AndroidManifest.xml:15:13-39
18            android:screenOrientation="portrait" >
18-->src\main\AndroidManifest.xml:13:13-49
19            <intent-filter>
19-->src\main\AndroidManifest.xml:16:13-28:29
20                <action android:name="android.intent.action.VIEW" /> <!-- this was VIEW -->
20-->src\main\AndroidManifest.xml:17:17-69
20-->src\main\AndroidManifest.xml:17:25-66
21
22                <category android:name="android.intent.category.DEFAULT" />
22-->src\main\AndroidManifest.xml:19:17-76
22-->src\main\AndroidManifest.xml:19:27-73
23                <category android:name="android.intent.category.BROWSABLE" />
23-->src\main\AndroidManifest.xml:20:17-78
23-->src\main\AndroidManifest.xml:20:27-75
24
25                <data android:mimeType="application/pdf" />
25-->src\main\AndroidManifest.xml:22:17-60
25-->src\main\AndroidManifest.xml:22:23-57
26                <data android:mimeType="application/vnd.ms-xpsdocument" />
26-->src\main\AndroidManifest.xml:22:17-60
26-->src\main\AndroidManifest.xml:22:23-57
27                <data android:mimeType="application/oxps" />
27-->src\main\AndroidManifest.xml:22:17-60
27-->src\main\AndroidManifest.xml:22:23-57
28                <data android:mimeType="application/x-cbz" />
28-->src\main\AndroidManifest.xml:22:17-60
28-->src\main\AndroidManifest.xml:22:23-57
29                <data android:mimeType="application/epub+zip" />
29-->src\main\AndroidManifest.xml:22:17-60
29-->src\main\AndroidManifest.xml:22:23-57
30                <data android:mimeType="text/xml" />
30-->src\main\AndroidManifest.xml:22:17-60
30-->src\main\AndroidManifest.xml:22:23-57
31            </intent-filter>
32            <intent-filter>
32-->src\main\AndroidManifest.xml:29:13-41:29
33                <action android:name="android.intent.action.VIEW" />
33-->src\main\AndroidManifest.xml:17:17-69
33-->src\main\AndroidManifest.xml:17:25-66
34
35                <category android:name="android.intent.category.DEFAULT" />
35-->src\main\AndroidManifest.xml:19:17-76
35-->src\main\AndroidManifest.xml:19:27-73
36                <category android:name="android.intent.category.BROWSABLE" />
36-->src\main\AndroidManifest.xml:20:17-78
36-->src\main\AndroidManifest.xml:20:27-75
37
38                <data android:pathPattern=".*\\.pdf" />
38-->src\main\AndroidManifest.xml:22:17-60
38-->src\main\AndroidManifest.xml:35:23-53
39                <data android:pathPattern=".*\\.xps" />
39-->src\main\AndroidManifest.xml:22:17-60
39-->src\main\AndroidManifest.xml:35:23-53
40                <data android:pathPattern=".*\\.oxps" />
40-->src\main\AndroidManifest.xml:22:17-60
40-->src\main\AndroidManifest.xml:35:23-53
41                <data android:pathPattern=".*\\.cbz" />
41-->src\main\AndroidManifest.xml:22:17-60
41-->src\main\AndroidManifest.xml:35:23-53
42                <data android:pathPattern=".*\\.epub" />
42-->src\main\AndroidManifest.xml:22:17-60
42-->src\main\AndroidManifest.xml:35:23-53
43                <data android:pathPattern=".*\\.fb2" />
43-->src\main\AndroidManifest.xml:22:17-60
43-->src\main\AndroidManifest.xml:35:23-53
44            </intent-filter>
45        </activity>
46        <activity
46-->src\main\AndroidManifest.xml:43:9-45:86
47            android:name="com.artifex.mupdf.mini.OutlineActivity"
47-->src\main\AndroidManifest.xml:44:13-44
48            android:configChanges="orientation|screenSize|keyboardHidden" />
48-->src\main\AndroidManifest.xml:45:13-74
49    </application>
50
51</manifest>